Started GET "/" for ::1 at 2021-02-17 14:39:19 +0100
  [1m[35m (4.7ms)[0m  [1m[34mSELECT sqlite_version(*)[0m
Processing by Rails::WelcomeController#index as HTML
  Rendering /home/kene/.rbenv/versions/2.7.2/lib/ruby/gems/2.7.0/gems/railties-6.1.2.1/lib/rails/templates/rails/welcome/index.html.erb
  Rendered /home/kene/.rbenv/versions/2.7.2/lib/ruby/gems/2.7.0/gems/railties-6.1.2.1/lib/rails/templates/rails/welcome/index.html.erb (Duration: 34.6ms | Allocations: 442)
Completed 200 OK in 106ms (Views: 55.9ms | ActiveRecord: 0.0ms | Allocations: 3570)


  [1m[35m (3.3ms)[0m  [1m[34mSELECT sqlite_version(*)[0m
  [1m[35m (99.3ms)[0m  [1m[35mCREATE TABLE "schema_migrations" ("version" varchar NOT NULL PRIMARY KEY)[0m
  [1m[35m (124.7ms)[0m  [1m[35mCREATE TABLE "ar_internal_metadata" ("key" varchar NOT NULL PRIMARY KEY, "value" varchar, "created_at" datetime(6) NOT NULL, "updated_at" datetime(6) NOT NULL)[0m
  [1m[35m (0.5ms)[0m  [1m[34mSELECT "schema_migrations"."version" FROM "schema_migrations" ORDER BY "schema_migrations"."version" ASC[0m
Migrating to CreateUsers (20210217135550)
  [1m[36mTRANSACTION (0.1ms)[0m  [1m[36mbegin transaction[0m
  [1m[35m (0.8ms)[0m  [1m[35mCREATE TABLE "users" ("id" integer PRIMARY KEY AUTOINCREMENT NOT NULL, "username" varchar, "email" varchar, "password" varchar, "created_at" datetime(6) NOT NULL, "updated_at" datetime(6) NOT NULL)[0m
  [1m[36mActiveRecord::SchemaMigration Create (1.1ms)[0m  [1m[32mINSERT INTO "schema_migrations" ("version") VALUES (?)[0m  [["version", "20210217135550"]]
  [1m[36mTRANSACTION (98.2ms)[0m  [1m[36mcommit transaction[0m
  [1m[36mActiveRecord::InternalMetadata Load (0.4ms)[0m  [1m[34mSELECT "ar_internal_metadata".* FROM "ar_internal_metadata" WHERE "ar_internal_metadata"."key" = ? LIMIT ?[0m  [["key", "environment"], ["LIMIT", 1]]
  [1m[36mTRANSACTION (0.2ms)[0m  [1m[36mbegin transaction[0m
  [1m[36mActiveRecord::InternalMetadata Create (0.6ms)[0m  [1m[32mINSERT INTO "ar_internal_metadata" ("key", "value", "created_at", "updated_at") VALUES (?, ?, ?, ?)[0m  [["key", "environment"], ["value", "development"], ["created_at", "2021-02-17 13:57:59.170346"], ["updated_at", "2021-02-17 13:57:59.170346"]]
  [1m[36mTRANSACTION (77.4ms)[0m  [1m[36mcommit transaction[0m
  [1m[35m (0.3ms)[0m  [1m[34mSELECT sqlite_version(*)[0m
  [1m[35m (0.7ms)[0m  [1m[34mSELECT "schema_migrations"."version" FROM "schema_migrations" ORDER BY "schema_migrations"."version" ASC[0m
Started GET "/" for ::1 at 2021-02-17 15:30:03 +0100
  [1m[35m (14.2ms)[0m  [1m[34mSELECT sqlite_version(*)[0m
  [1m[35m (0.4ms)[0m  [1m[34mSELECT "schema_migrations"."version" FROM "schema_migrations" ORDER BY "schema_migrations"."version" ASC[0m
Processing by Rails::WelcomeController#index as HTML
  Rendering /home/kene/.rbenv/versions/2.7.2/lib/ruby/gems/2.7.0/gems/railties-6.1.2.1/lib/rails/templates/rails/welcome/index.html.erb
  Rendered /home/kene/.rbenv/versions/2.7.2/lib/ruby/gems/2.7.0/gems/railties-6.1.2.1/lib/rails/templates/rails/welcome/index.html.erb (Duration: 28.4ms | Allocations: 336)
Completed 200 OK in 400ms (Views: 37.2ms | ActiveRecord: 0.0ms | Allocations: 2453)


Started GET "/" for ::1 at 2021-02-17 15:30:07 +0100
Processing by Rails::WelcomeController#index as HTML
  Rendering /home/kene/.rbenv/versions/2.7.2/lib/ruby/gems/2.7.0/gems/railties-6.1.2.1/lib/rails/templates/rails/welcome/index.html.erb
  Rendered /home/kene/.rbenv/versions/2.7.2/lib/ruby/gems/2.7.0/gems/railties-6.1.2.1/lib/rails/templates/rails/welcome/index.html.erb (Duration: 16.6ms | Allocations: 219)
Completed 200 OK in 24ms (Views: 19.3ms | ActiveRecord: 0.0ms | Allocations: 833)


Started GET "/users/new" for ::1 at 2021-02-17 15:30:15 +0100
Processing by UsersController#new as HTML
  Rendering layout layouts/application.html.erb
  Rendering users/new.html.erb within layouts/application
  Rendered users/new.html.erb within layouts/application (Duration: 0.5ms | Allocations: 96)
[Webpacker] Compiling...
[Webpacker] Compiled all packs in /home/kene/Documents/microverse/re-former/public/packs
[Webpacker] warning ../../../package.json: No license field

[Webpacker] Hash: ce14c115e350524bb5a9
Version: webpack 4.46.0
Time: 5657ms
Built at: 17/02/2021 15:30:33
                                     Asset       Size       Chunks                         Chunk Names
    js/application-b43fa54005da8e229d8c.js    125 KiB  application  [emitted] [immutable]  application
js/application-b43fa54005da8e229d8c.js.map    139 KiB  application  [emitted] [dev]        application
                             manifest.json  364 bytes               [emitted]              
Entrypoint application = js/application-b43fa54005da8e229d8c.js js/application-b43fa54005da8e229d8c.js.map
[./app/javascript/channels sync recursive _channel\.js$] ./app/javascript/channels sync _channel\.js$ 160 bytes {application} [built]
[./app/javascript/channels/index.js] 211 bytes {application} [built]
[./app/javascript/packs/application.js] 492 bytes {application} [built]
[./node_modules/webpack/buildin/module.js] (webpack)/buildin/module.js 552 bytes {application} [built]
    + 3 hidden modules

  Rendered layout layouts/application.html.erb (Duration: 17937.4ms | Allocations: 16858)
Completed 200 OK in 17960ms (Views: 17957.4ms | ActiveRecord: 0.0ms | Allocations: 17932)


Started GET "/users/new" for ::1 at 2021-02-17 15:31:23 +0100
Processing by UsersController#new as HTML
  Rendering layout layouts/application.html.erb
  Rendering users/new.html.erb within layouts/application
  Rendered users/new.html.erb within layouts/application (Duration: 1.0ms | Allocations: 111)
[Webpacker] Everything's up-to-date. Nothing to do
  Rendered layout layouts/application.html.erb (Duration: 15.4ms | Allocations: 3255)
Completed 200 OK in 24ms (Views: 21.1ms | ActiveRecord: 0.0ms | Allocations: 4351)


Started GET "/users/new" for ::1 at 2021-02-17 16:02:22 +0100
  [1m[35m (28.1ms)[0m  [1m[34mSELECT sqlite_version(*)[0m
  [1m[35m (1.8ms)[0m  [1m[34mSELECT "schema_migrations"."version" FROM "schema_migrations" ORDER BY "schema_migrations"."version" ASC[0m
Processing by UsersController#new as HTML
Started GET "/users/new" for ::1 at 2021-02-17 16:02:24 +0100
Processing by UsersController#new as HTML
  Rendering layout layouts/application.html.erb
  Rendering users/new.html.erb within layouts/application
  Rendering layout layouts/application.html.erb
  Rendering users/new.html.erb within layouts/application
  Rendered users/new.html.erb within layouts/application (Duration: 22.9ms | Allocations: 404)
  Rendered users/new.html.erb within layouts/application (Duration: 3.0ms | Allocations: 179)
[Webpacker] Everything's up-to-date. Nothing to do
[Webpacker] Everything's up-to-date. Nothing to do
  Rendered layout layouts/application.html.erb (Duration: 1008.9ms | Allocations: 44294)
  Rendered layout layouts/application.html.erb (Duration: 1031.2ms | Allocations: 44722)
Completed 200 OK in 1285ms (Views: 1123.0ms | ActiveRecord: 0.0ms | Allocations: 50958)


Completed 200 OK in 1069ms (Views: 1068.8ms | ActiveRecord: 0.0ms | Allocations: 46288)


Started GET "/" for ::1 at 2021-02-17 16:29:02 +0100
  [1m[35m (4.4ms)[0m  [1m[34mSELECT sqlite_version(*)[0m
  [1m[35m (1.6ms)[0m  [1m[34mSELECT "schema_migrations"."version" FROM "schema_migrations" ORDER BY "schema_migrations"."version" ASC[0m
Processing by Rails::WelcomeController#index as HTML
  Rendering /home/warblo/.rbenv/versions/2.7.2/lib/ruby/gems/2.7.0/gems/railties-6.1.2.1/lib/rails/templates/rails/welcome/index.html.erb
  Rendered /home/warblo/.rbenv/versions/2.7.2/lib/ruby/gems/2.7.0/gems/railties-6.1.2.1/lib/rails/templates/rails/welcome/index.html.erb (Duration: 21.0ms | Allocations: 338)
Completed 200 OK in 96ms (Views: 39.6ms | ActiveRecord: 0.0ms | Allocations: 2513)


Started GET "/" for ::1 at 2021-02-17 16:29:02 +0100
Processing by Rails::WelcomeController#index as HTML
  Rendering /home/warblo/.rbenv/versions/2.7.2/lib/ruby/gems/2.7.0/gems/railties-6.1.2.1/lib/rails/templates/rails/welcome/index.html.erb
  Rendered /home/warblo/.rbenv/versions/2.7.2/lib/ruby/gems/2.7.0/gems/railties-6.1.2.1/lib/rails/templates/rails/welcome/index.html.erb (Duration: 6.1ms | Allocations: 218)
Completed 200 OK in 14ms (Views: 13.4ms | ActiveRecord: 0.0ms | Allocations: 907)


Started GET "/users/new" for ::1 at 2021-02-17 16:29:13 +0100
Processing by UsersController#new as HTML
  Rendering layout layouts/application.html.erb
  Rendering users/new.html.erb within layouts/application
  Rendered users/new.html.erb within layouts/application (Duration: 4.7ms | Allocations: 115)
[Webpacker] Everything's up-to-date. Nothing to do
  Rendered layout layouts/application.html.erb (Duration: 350.7ms | Allocations: 5178)
Completed 200 OK in 382ms (Views: 368.3ms | ActiveRecord: 0.0ms | Allocations: 6305)


Started GET "/users/new" for ::1 at 2021-02-17 16:29:13 +0100
Processing by UsersController#new as HTML
  Rendering layout layouts/application.html.erb
  Rendering users/new.html.erb within layouts/application
  Rendered users/new.html.erb within layouts/application (Duration: 0.1ms | Allocations: 40)
[Webpacker] Everything's up-to-date. Nothing to do
  Rendered layout layouts/application.html.erb (Duration: 156.3ms | Allocations: 3282)
Completed 200 OK in 159ms (Views: 157.9ms | ActiveRecord: 0.0ms | Allocations: 4077)


Started GET "/users/new?username=aa&email=sss%40gell.co&password=[FILTERED]" for ::1 at 2021-02-17 16:29:54 +0100
Processing by UsersController#new as HTML
  Parameters: {"username"=>"aa", "email"=>"sss@gell.co", "password"=>"[FILTERED]"}
  Rendering layout layouts/application.html.erb
  Rendering users/new.html.erb within layouts/application
  Rendered users/new.html.erb within layouts/application (Duration: 0.1ms | Allocations: 40)
[Webpacker] Everything's up-to-date. Nothing to do
  Rendered layout layouts/application.html.erb (Duration: 168.8ms | Allocations: 3055)
Completed 200 OK in 171ms (Views: 170.0ms | ActiveRecord: 0.0ms | Allocations: 3431)


Started GET "/users/new?username=aa&email=sss%40gell.co&password=[FILTERED]" for ::1 at 2021-02-17 16:35:04 +0100
  [1m[35m (4.7ms)[0m  [1m[34mSELECT sqlite_version(*)[0m
  [1m[35m (1.6ms)[0m  [1m[34mSELECT "schema_migrations"."version" FROM "schema_migrations" ORDER BY "schema_migrations"."version" ASC[0m
Processing by UsersController#new as HTML
  Parameters: {"username"=>"aa", "email"=>"sss@gell.co", "password"=>"[FILTERED]"}
  Rendering layout layouts/application.html.erb
  Rendering users/new.html.erb within layouts/application
  Rendered users/new.html.erb within layouts/application (Duration: 9.2ms | Allocations: 277)
[Webpacker] Everything's up-to-date. Nothing to do
  Rendered layout layouts/application.html.erb (Duration: 363.6ms | Allocations: 5333)
Completed 200 OK in 436ms (Views: 391.9ms | ActiveRecord: 0.0ms | Allocations: 7917)


Started GET "/users/new" for ::1 at 2021-02-17 16:35:15 +0100
Processing by UsersController#new as HTML
  Rendering layout layouts/application.html.erb
  Rendering users/new.html.erb within layouts/application
  Rendered users/new.html.erb within layouts/application (Duration: 0.2ms | Allocations: 60)
[Webpacker] Everything's up-to-date. Nothing to do
  Rendered layout layouts/application.html.erb (Duration: 166.6ms | Allocations: 3067)
Completed 200 OK in 169ms (Views: 168.0ms | ActiveRecord: 0.0ms | Allocations: 3443)


Started GET "/users/new" for ::1 at 2021-02-17 16:35:15 +0100
Processing by UsersController#new as HTML
  Rendering layout layouts/application.html.erb
  Rendering users/new.html.erb within layouts/application
  Rendered users/new.html.erb within layouts/application (Duration: 0.2ms | Allocations: 60)
[Webpacker] Everything's up-to-date. Nothing to do
  Rendered layout layouts/application.html.erb (Duration: 152.9ms | Allocations: 3064)
Completed 200 OK in 154ms (Views: 153.8ms | ActiveRecord: 0.0ms | Allocations: 3438)


Started GET "/users/new?username=hello&email=there%40no.lsss&password=[FILTERED]&authenticity_token=[FILTERED]" for ::1 at 2021-02-17 16:35:29 +0100
Processing by UsersController#new as HTML
  Parameters: {"username"=>"hello", "email"=>"there@no.lsss", "password"=>"[FILTERED]", "authenticity_token"=>"[FILTERED]"}
  Rendering layout layouts/application.html.erb
  Rendering users/new.html.erb within layouts/application
  Rendered users/new.html.erb within layouts/application (Duration: 0.2ms | Allocations: 60)
[Webpacker] Everything's up-to-date. Nothing to do
  Rendered layout layouts/application.html.erb (Duration: 178.9ms | Allocations: 3080)
Completed 200 OK in 183ms (Views: 182.5ms | ActiveRecord: 0.0ms | Allocations: 3461)


Started GET "/users/new?username=italiviign&email=warblo00012%40hotmail.com&password=[FILTERED]&authenticity_token=[FILTERED]" for ::1 at 2021-02-17 16:43:10 +0100
Processing by UsersController#new as HTML
  Parameters: {"username"=>"italiviign", "email"=>"warblo00012@hotmail.com", "password"=>"[FILTERED]", "authenticity_token"=>"[FILTERED]"}
  Rendering layout layouts/application.html.erb
  Rendering users/new.html.erb within layouts/application
  Rendered users/new.html.erb within layouts/application (Duration: 0.3ms | Allocations: 60)
[Webpacker] Everything's up-to-date. Nothing to do
  Rendered layout layouts/application.html.erb (Duration: 168.9ms | Allocations: 3076)
Completed 200 OK in 171ms (Views: 170.2ms | Allocations: 3457)


Started GET "/users/new?username=italiviign&email=warblo00012%40hotmail.com&password=[FILTERED]&authenticity_token=[FILTERED]" for ::1 at 2021-02-17 16:45:56 +0100
  [1m[35m (4.7ms)[0m  [1m[34mSELECT sqlite_version(*)[0m
  [1m[35m (1.5ms)[0m  [1m[34mSELECT "schema_migrations"."version" FROM "schema_migrations" ORDER BY "schema_migrations"."version" ASC[0m
Processing by UsersController#new as HTML
  Parameters: {"username"=>"italiviign", "email"=>"warblo00012@hotmail.com", "password"=>"[FILTERED]", "authenticity_token"=>"[FILTERED]"}
  Rendering layout layouts/application.html.erb
  Rendering users/new.html.erb within layouts/application
  Rendered users/new.html.erb within layouts/application (Duration: 9.4ms | Allocations: 277)
[Webpacker] Everything's up-to-date. Nothing to do
  Rendered layout layouts/application.html.erb (Duration: 399.0ms | Allocations: 5333)
Completed 200 OK in 470ms (Views: 424.5ms | ActiveRecord: 0.0ms | Allocations: 7917)


Started POST "/users/new" for ::1 at 2021-02-17 16:46:04 +0100
  
ActionController::RoutingError (No route matches [POST] "/users/new"):
  
Started GET "/users/new?username=italiviign&email=warblo00012%40hotmail.com&password=[FILTERED]&authenticity_token=[FILTERED]" for ::1 at 2021-02-17 16:48:04 +0100
  [1m[35m (4.0ms)[0m  [1m[34mSELECT sqlite_version(*)[0m
  [1m[35m (1.5ms)[0m  [1m[34mSELECT "schema_migrations"."version" FROM "schema_migrations" ORDER BY "schema_migrations"."version" ASC[0m
Processing by UsersController#new as HTML
  Parameters: {"username"=>"italiviign", "email"=>"warblo00012@hotmail.com", "password"=>"[FILTERED]", "authenticity_token"=>"[FILTERED]"}
  Rendering layout layouts/application.html.erb
  Rendering users/new.html.erb within layouts/application
  Rendered users/new.html.erb within layouts/application (Duration: 13.2ms | Allocations: 277)
[Webpacker] Everything's up-to-date. Nothing to do
  Rendered layout layouts/application.html.erb (Duration: 358.8ms | Allocations: 5333)
Completed 200 OK in 435ms (Views: 386.6ms | ActiveRecord: 0.0ms | Allocations: 7917)


Started GET "/users/new" for ::1 at 2021-02-17 16:48:09 +0100
Processing by UsersController#new as HTML
  Rendering layout layouts/application.html.erb
  Rendering users/new.html.erb within layouts/application
  Rendered users/new.html.erb within layouts/application (Duration: 0.3ms | Allocations: 60)
[Webpacker] Everything's up-to-date. Nothing to do
  Rendered layout layouts/application.html.erb (Duration: 154.7ms | Allocations: 3066)
Completed 200 OK in 157ms (Views: 155.8ms | ActiveRecord: 0.0ms | Allocations: 3446)


Started GET "/users/new" for ::1 at 2021-02-17 16:48:09 +0100
Processing by UsersController#new as HTML
  Rendering layout layouts/application.html.erb
  Rendering users/new.html.erb within layouts/application
  Rendered users/new.html.erb within layouts/application (Duration: 0.2ms | Allocations: 60)
[Webpacker] Everything's up-to-date. Nothing to do
  Rendered layout layouts/application.html.erb (Duration: 172.3ms | Allocations: 3064)
Completed 200 OK in 174ms (Views: 173.8ms | ActiveRecord: 0.0ms | Allocations: 3438)


Started GET "/users/new(.:format)?username=italiviign&email=warblo00012%40hotmail.com&password=[FILTERED]&authenticity_token=[FILTERED]" for ::1 at 2021-02-17 16:48:15 +0100
  
ActionController::RoutingError (No route matches [GET] "/users/new(.:format)"):
  
Started GET "/users/new(.:format)?username=italiviign&email=warblo00012%40hotmail.com&password=[FILTERED]&authenticity_token=[FILTERED]" for ::1 at 2021-02-17 16:48:27 +0100
  
ActionController::RoutingError (No route matches [GET] "/users/new(.:format)"):
  
Started GET "/users/new" for ::1 at 2021-02-17 16:48:29 +0100
Processing by UsersController#new as HTML
  Rendering layout layouts/application.html.erb
  Rendering users/new.html.erb within layouts/application
  Rendered users/new.html.erb within layouts/application (Duration: 0.2ms | Allocations: 72)
[Webpacker] Everything's up-to-date. Nothing to do
  Rendered layout layouts/application.html.erb (Duration: 179.6ms | Allocations: 3212)
Completed 200 OK in 181ms (Views: 180.7ms | ActiveRecord: 0.0ms | Allocations: 3668)


Started GET "/users/new(.:format)?username=italiviign&email=warblo00012%40hotmail.com&password=[FILTERED]&authenticity_token=[FILTERED]" for ::1 at 2021-02-17 16:48:32 +0100
  
ActionController::RoutingError (No route matches [GET] "/users/new(.:format)"):
  
Started GET "/" for ::1 at 2021-02-17 16:48:50 +0100
  [1m[35m (4.5ms)[0m  [1m[34mSELECT sqlite_version(*)[0m
  [1m[35m (1.6ms)[0m  [1m[34mSELECT "schema_migrations"."version" FROM "schema_migrations" ORDER BY "schema_migrations"."version" ASC[0m
Processing by Rails::WelcomeController#index as HTML
  Rendering /home/warblo/.rbenv/versions/2.7.2/lib/ruby/gems/2.7.0/gems/railties-6.1.2.1/lib/rails/templates/rails/welcome/index.html.erb
  Rendered /home/warblo/.rbenv/versions/2.7.2/lib/ruby/gems/2.7.0/gems/railties-6.1.2.1/lib/rails/templates/rails/welcome/index.html.erb (Duration: 8.5ms | Allocations: 336)
Completed 200 OK in 58ms (Views: 22.7ms | ActiveRecord: 0.0ms | Allocations: 2510)


Started GET "/" for ::1 at 2021-02-17 16:48:50 +0100
Processing by Rails::WelcomeController#index as HTML
  Rendering /home/warblo/.rbenv/versions/2.7.2/lib/ruby/gems/2.7.0/gems/railties-6.1.2.1/lib/rails/templates/rails/welcome/index.html.erb
  Rendered /home/warblo/.rbenv/versions/2.7.2/lib/ruby/gems/2.7.0/gems/railties-6.1.2.1/lib/rails/templates/rails/welcome/index.html.erb (Duration: 5.6ms | Allocations: 219)
Completed 200 OK in 16ms (Views: 15.0ms | ActiveRecord: 0.0ms | Allocations: 915)


Started GET "/users/new" for ::1 at 2021-02-17 16:48:55 +0100
Processing by UsersController#new as HTML
  Rendering layout layouts/application.html.erb
  Rendering users/new.html.erb within layouts/application
  Rendered users/new.html.erb within layouts/application (Duration: 4.8ms | Allocations: 165)
[Webpacker] Everything's up-to-date. Nothing to do
  Rendered layout layouts/application.html.erb (Duration: 365.7ms | Allocations: 5216)
Completed 200 OK in 401ms (Views: 382.5ms | ActiveRecord: 0.0ms | Allocations: 6343)


Started GET "/users/new?username=agealan_01%40hotmail.com&email=warblo00012%40hotmail.com&password=[FILTERED]&authenticity_token=[FILTERED]" for ::1 at 2021-02-17 16:49:01 +0100
Processing by UsersController#new as HTML
  Parameters: {"username"=>"agealan_01@hotmail.com", "email"=>"warblo00012@hotmail.com", "password"=>"[FILTERED]", "authenticity_token"=>"[FILTERED]"}
  Rendering layout layouts/application.html.erb
  Rendering users/new.html.erb within layouts/application
  Rendered users/new.html.erb within layouts/application (Duration: 0.3ms | Allocations: 60)
[Webpacker] Everything's up-to-date. Nothing to do
  Rendered layout layouts/application.html.erb (Duration: 177.0ms | Allocations: 3079)
Completed 200 OK in 179ms (Views: 178.3ms | ActiveRecord: 0.0ms | Allocations: 3456)


